<?xml version="1.0" encoding="UTF-8"?>
<!-- Generated by org.testng.reporters.JUnitReportReporter -->
<testsuite hostname="DESKTOP-D7I0DV2" failures="0" tests="2" name="testCases.TC002_LoginTest" time="5.252" errors="0" timestamp="2025-05-13T16:58:52 EDT" skipped="0">
  <testcase classname="testCases.TC002_LoginTest" name="verify_Login" time="2.271"/>
  <testcase classname="testCases.TC002_LoginTest" name="verify_Login" time="2.981"/>
</testsuite> <!-- testCases.TC002_LoginTest -->
