<?xml version="1.0" encoding="UTF-8"?>
<!-- Generated by org.testng.reporters.JUnitReportReporter -->
<testsuite hostname="DESKTOP-D7I0DV2" failures="0" tests="1" name="testCases.MyTC001" time="2.378" errors="0" timestamp="2025-04-15T10:02:06 EDT" skipped="0">
  <testcase classname="testCases.MyTC001" name="verify_acc_Reg" time="2.378"/>
</testsuite> <!-- testCases.MyTC001 -->
