<?xml version="1.0" encoding="UTF-8"?>
<!-- Generated by org.testng.reporters.JUnitReportReporter -->
<testsuite hostname="DESKTOP-D7I0DV2" failures="0" tests="1" name="testCases.TC001_AccountRegTest" time="3.092" errors="0" timestamp="2025-05-13T17:57:46 EDT" skipped="0">
  <testcase classname="testCases.TC001_AccountRegTest" name="verify_Account_Reg" time="3.092"/>
</testsuite> <!-- testCases.TC001_AccountRegTest -->
